ERROR - 2013-11-04T20:53:52+00:00 - An unhandled exception occurred: preg_match(): Unknown modifier 'b'#0 [internal function]: Slim\Slim::handleErrors(2, 'preg_match(): U...', '/home/vagrant/w...', 83, Array)
#1 /home/vagrant/www/pluginapi-doc-generator/app/helpers/Markdown.php(83): preg_match('/>Get started /...', '<h1 id="introdu...', Array)
#2 /home/vagrant/www/pluginapi-doc-generator/app/helpers/Markdown.php(54): helpers\Markdown->getSectionContent('Get started / b...')
#3 /home/vagrant/www/pluginapi-doc-generator/app/helpers/Guides.php(56): helpers\Markdown->getAvailableSections()
#4 /home/vagrant/www/pluginapi-doc-generator/app/routes/page.php(84): helpers\Guides->getSections()
#5 [internal function]: {closure}('introduction')
#6 /home/vagrant/www/pluginapi-doc-generator/app/vendor/slim/slim/Slim/Route.php(436): call_user_func_array(Object(Closure), Array)
#7 /home/vagrant/www/pluginapi-doc-generator/app/vendor/slim/slim/Slim/Slim.php(1307): Slim\Route->dispatch()
#8 /home/vagrant/www/pluginapi-doc-generator/app/vendor/slim/slim/Slim/Middleware/Flash.php(85): Slim\Slim->call()
#9 /home/vagrant/www/pluginapi-doc-generator/app/vendor/slim/slim/Slim/Middleware/MethodOverride.php(92): Slim\Middleware\Flash->call()
#10 /home/vagrant/www/pluginapi-doc-generator/app/vendor/slim/slim/Slim/Slim.php(1254): Slim\Middleware\MethodOverride->call()
#11 /home/vagrant/www/pluginapi-doc-generator/app/public/index.php(42): Slim\Slim->run()
#12 {main}
ERROR - 2013-11-04T20:54:23+00:00 - An unhandled exception occurred: preg_match(): Unknown modifier 'b'#0 [internal function]: Slim\Slim::handleErrors(2, 'preg_match(): U...', '/home/vagrant/w...', 83, Array)
#1 /home/vagrant/www/pluginapi-doc-generator/app/helpers/Markdown.php(83): preg_match('/>Get started /...', '<h1 id="introdu...', Array)
#2 /home/vagrant/www/pluginapi-doc-generator/app/helpers/Markdown.php(54): helpers\Markdown->getSectionContent('Get started / b...')
#3 /home/vagrant/www/pluginapi-doc-generator/app/helpers/Guides.php(56): helpers\Markdown->getAvailableSections()
#4 /home/vagrant/www/pluginapi-doc-generator/app/routes/page.php(84): helpers\Guides->getSections()
#5 [internal function]: {closure}('introduction')
#6 /home/vagrant/www/pluginapi-doc-generator/app/vendor/slim/slim/Slim/Route.php(436): call_user_func_array(Object(Closure), Array)
#7 /home/vagrant/www/pluginapi-doc-generator/app/vendor/slim/slim/Slim/Slim.php(1307): Slim\Route->dispatch()
#8 /home/vagrant/www/pluginapi-doc-generator/app/vendor/slim/slim/Slim/Middleware/Flash.php(85): Slim\Slim->call()
#9 /home/vagrant/www/pluginapi-doc-generator/app/vendor/slim/slim/Slim/Middleware/MethodOverride.php(92): Slim\Middleware\Flash->call()
#10 /home/vagrant/www/pluginapi-doc-generator/app/vendor/slim/slim/Slim/Slim.php(1254): Slim\Middleware\MethodOverride->call()
#11 /home/vagrant/www/pluginapi-doc-generator/app/public/index.php(42): Slim\Slim->run()
#12 {main}
ERROR - 2013-11-04T20:54:29+00:00 - An unhandled exception occurred: preg_match(): Unknown modifier 'b'#0 [internal function]: Slim\Slim::handleErrors(2, 'preg_match(): U...', '/home/vagrant/w...', 83, Array)
#1 /home/vagrant/www/pluginapi-doc-generator/app/helpers/Markdown.php(83): preg_match('/>Get started /...', '<h1 id="introdu...', Array)
#2 /home/vagrant/www/pluginapi-doc-generator/app/helpers/Markdown.php(54): helpers\Markdown->getSectionContent('Get started / b...')
#3 /home/vagrant/www/pluginapi-doc-generator/app/helpers/Guides.php(56): helpers\Markdown->getAvailableSections()
#4 /home/vagrant/www/pluginapi-doc-generator/app/routes/page.php(84): helpers\Guides->getSections()
#5 [internal function]: {closure}('introduction')
#6 /home/vagrant/www/pluginapi-doc-generator/app/vendor/slim/slim/Slim/Route.php(436): call_user_func_array(Object(Closure), Array)
#7 /home/vagrant/www/pluginapi-doc-generator/app/vendor/slim/slim/Slim/Slim.php(1307): Slim\Route->dispatch()
#8 /home/vagrant/www/pluginapi-doc-generator/app/vendor/slim/slim/Slim/Middleware/Flash.php(85): Slim\Slim->call()
#9 /home/vagrant/www/pluginapi-doc-generator/app/vendor/slim/slim/Slim/Middleware/MethodOverride.php(92): Slim\Middleware\Flash->call()
#10 /home/vagrant/www/pluginapi-doc-generator/app/vendor/slim/slim/Slim/Slim.php(1254): Slim\Middleware\MethodOverride->call()
#11 /home/vagrant/www/pluginapi-doc-generator/app/public/index.php(42): Slim\Slim->run()
#12 {main}
ERROR - 2013-11-04T20:56:04+00:00 - An unhandled exception occurred: preg_match(): Unknown modifier 'b'#0 [internal function]: Slim\Slim::handleErrors(2, 'preg_match(): U...', '/home/vagrant/w...', 83, Array)
#1 /home/vagrant/www/pluginapi-doc-generator/app/helpers/Markdown.php(83): preg_match('/>Get started /...', '<h1 id="introdu...', Array)
#2 /home/vagrant/www/pluginapi-doc-generator/app/helpers/Markdown.php(54): helpers\Markdown->getSectionContent('Get started / b...')
#3 /home/vagrant/www/pluginapi-doc-generator/app/helpers/Guides.php(56): helpers\Markdown->getAvailableSections()
#4 /home/vagrant/www/pluginapi-doc-generator/app/routes/page.php(84): helpers\Guides->getSections()
#5 [internal function]: {closure}('introduction')
#6 /home/vagrant/www/pluginapi-doc-generator/app/vendor/slim/slim/Slim/Route.php(436): call_user_func_array(Object(Closure), Array)
#7 /home/vagrant/www/pluginapi-doc-generator/app/vendor/slim/slim/Slim/Slim.php(1307): Slim\Route->dispatch()
#8 /home/vagrant/www/pluginapi-doc-generator/app/vendor/slim/slim/Slim/Middleware/Flash.php(85): Slim\Slim->call()
#9 /home/vagrant/www/pluginapi-doc-generator/app/vendor/slim/slim/Slim/Middleware/MethodOverride.php(92): Slim\Middleware\Flash->call()
#10 /home/vagrant/www/pluginapi-doc-generator/app/vendor/slim/slim/Slim/Slim.php(1254): Slim\Middleware\MethodOverride->call()
#11 /home/vagrant/www/pluginapi-doc-generator/app/public/index.php(42): Slim\Slim->run()
#12 {main}
WARN - 2013-11-04T20:56:29+00:00 - />Understanding the Piwik Platform<\/h2>(.*?)(<h2|$)/is
WARN - 2013-11-04T20:56:29+00:00 - />Get started / bootstrap<\/h2>(.*?)(<h2|$)/is
ERROR - 2013-11-04T20:56:29+00:00 - An unhandled exception occurred: preg_match(): Unknown modifier 'b'#0 [internal function]: Slim\Slim::handleErrors(2, 'preg_match(): U...', '/home/vagrant/w...', 84, Array)
#1 /home/vagrant/www/pluginapi-doc-generator/app/helpers/Markdown.php(84): preg_match('/>Get started /...', '<h1 id="introdu...', Array)
#2 /home/vagrant/www/pluginapi-doc-generator/app/helpers/Markdown.php(54): helpers\Markdown->getSectionContent('Get started / b...')
#3 /home/vagrant/www/pluginapi-doc-generator/app/helpers/Guides.php(56): helpers\Markdown->getAvailableSections()
#4 /home/vagrant/www/pluginapi-doc-generator/app/routes/page.php(84): helpers\Guides->getSections()
#5 [internal function]: {closure}('introduction')
#6 /home/vagrant/www/pluginapi-doc-generator/app/vendor/slim/slim/Slim/Route.php(436): call_user_func_array(Object(Closure), Array)
#7 /home/vagrant/www/pluginapi-doc-generator/app/vendor/slim/slim/Slim/Slim.php(1307): Slim\Route->dispatch()
#8 /home/vagrant/www/pluginapi-doc-generator/app/vendor/slim/slim/Slim/Middleware/Flash.php(85): Slim\Slim->call()
#9 /home/vagrant/www/pluginapi-doc-generator/app/vendor/slim/slim/Slim/Middleware/MethodOverride.php(92): Slim\Middleware\Flash->call()
#10 /home/vagrant/www/pluginapi-doc-generator/app/vendor/slim/slim/Slim/Slim.php(1254): Slim\Middleware\MethodOverride->call()
#11 /home/vagrant/www/pluginapi-doc-generator/app/public/index.php(42): Slim\Slim->run()
#12 {main}
ERROR - 2013-11-04T20:57:34+00:00 - An unhandled exception occurred: preg_match(): Unknown modifier '/'#0 [internal function]: Slim\Slim::handleErrors(2, 'preg_match(): U...', '/home/vagrant/w...', 85, Array)
#1 /home/vagrant/www/pluginapi-doc-generator/app/helpers/Markdown.php(85): preg_match('/>Get started /...', '<h1 id="introdu...', Array)
#2 /home/vagrant/www/pluginapi-doc-generator/app/helpers/Markdown.php(54): helpers\Markdown->getSectionContent('Get started / b...')
#3 /home/vagrant/www/pluginapi-doc-generator/app/helpers/Guides.php(56): helpers\Markdown->getAvailableSections()
#4 /home/vagrant/www/pluginapi-doc-generator/app/routes/page.php(84): helpers\Guides->getSections()
#5 [internal function]: {closure}('introduction')
#6 /home/vagrant/www/pluginapi-doc-generator/app/vendor/slim/slim/Slim/Route.php(436): call_user_func_array(Object(Closure), Array)
#7 /home/vagrant/www/pluginapi-doc-generator/app/vendor/slim/slim/Slim/Slim.php(1307): Slim\Route->dispatch()
#8 /home/vagrant/www/pluginapi-doc-generator/app/vendor/slim/slim/Slim/Middleware/Flash.php(85): Slim\Slim->call()
#9 /home/vagrant/www/pluginapi-doc-generator/app/vendor/slim/slim/Slim/Middleware/MethodOverride.php(92): Slim\Middleware\Flash->call()
#10 /home/vagrant/www/pluginapi-doc-generator/app/vendor/slim/slim/Slim/Slim.php(1254): Slim\Middleware\MethodOverride->call()
#11 /home/vagrant/www/pluginapi-doc-generator/app/public/index.php(42): Slim\Slim->run()
#12 {main}
